<?xml version="1.0" encoding="UTF-8"?>
<!-- Generated by org.testng.reporters.JUnitXMLReporter -->
<testsuite ignored="0" hostname="Amit" failures="0" tests="2" name="Default test(failed)" time="0.148" errors="0" timestamp="2022-05-21T15:47:28 IST">
  <testcase classname="tests.Verifyactitime" name="@BeforeTest launchBrowser" time="-1.653128248425E9">
    <failure type="org.testng.TestNGException" message="
Parameter &amp;apos;browser&amp;apos; is required by BeforeTest on method launchBrowser but has not been marked @Optional or defined
in C:\Users\AMIT\eclipse-workspace\SpringDi\test-output\testng-failed.xml">
      <![CDATA[org.testng.TestNGException: 
Parameter 'browser' is required by BeforeTest on method launchBrowser but has not been marked @Optional or defined
in C:\Users\AMIT\eclipse-workspace\SpringDi\test-output\testng-failed.xml
... Removed 21 stack frames]]>
    </failure>
  </testcase> <!-- @BeforeTest launchBrowser -->
  <testcase classname="tests.Verifyactitime" name="@BeforeClass launchBrowser" time="-1.653128248485E9">
    <skipped/>
  </testcase> <!-- @BeforeClass launchBrowser -->
  <testcase classname="tests.Verifyactitime" name="@BeforeMethod loginToApplication" time="-1.653128248519E9">
    <skipped/>
  </testcase> <!-- @BeforeMethod loginToApplication -->
  <testcase classname="tests.Verifyactitime" name="@AfterMethod logoutfromApplication" time="-1.653128248533E9">
    <skipped/>
  </testcase> <!-- @AfterMethod logoutfromApplication -->
  <testcase classname="tests.Verifyactitime" name="@BeforeMethod loginToApplication" time="-1.653128248538E9">
    <skipped/>
  </testcase> <!-- @BeforeMethod loginToApplication -->
  <testcase classname="tests.Verifyactitime" name="@AfterMethod logoutfromApplication" time="-1.653128248548E9">
    <skipped/>
  </testcase> <!-- @AfterMethod logoutfromApplication -->
  <testcase classname="tests.Verifyactitime" name="@AfterClass clearPOMobjects" time="-1.653128248553E9">
    <skipped/>
  </testcase> <!-- @AfterClass clearPOMobjects -->
  <testcase classname="tests.Verifyactitime" name="@AfterTest closedBrowser" time="-1.65312824856E9">
    <skipped/>
  </testcase> <!-- @AfterTest closedBrowser -->
  <testcase classname="tests.Verifyactitime" name="verifyReportTab" time="0.0">
    <skipped/>
  </testcase> <!-- verifyReportTab -->
  <testcase classname="tests.Verifyactitime" name="verifyTaskTab" time="0.0">
    <skipped/>
  </testcase> <!-- verifyTaskTab -->
</testsuite> <!-- Default test(failed) -->
