<?xml version="1.0" encoding="UTF-8"?>
<!-- Generated by org.testng.reporters.JUnitXMLReporter -->
<testsuite ignored="0" hostname="Amit" failures="0" tests="2" name="Default test(failed)(failed)(failed)" time="0.117" errors="0" timestamp="2022-05-21T15:48:02 IST">
  <testcase classname="tests.Verifyactitime" name="@BeforeTest launchBrowser" time="-1.653128282604E9">
    <failure type="org.testng.TestNGException" message="
Parameter &amp;apos;browser&amp;apos; is required by BeforeTest on method launchBrowser but has not been marked @Optional or defined
in C:\Users\AMIT\eclipse-workspace\SpringDi\test-output\testng-failed.xml">
      <![CDATA[org.testng.TestNGException: 
Parameter 'browser' is required by BeforeTest on method launchBrowser but has not been marked @Optional or defined
in C:\Users\AMIT\eclipse-workspace\SpringDi\test-output\testng-failed.xml
... Removed 21 stack frames]]>
    </failure>
  </testcase> <!-- @BeforeTest launchBrowser -->
  <testcase classname="tests.Verifyactitime" name="@BeforeClass launchBrowser" time="-1.653128282651E9">
    <skipped/>
  </testcase> <!-- @BeforeClass launchBrowser -->
  <testcase classname="tests.Verifyactitime" name="@BeforeMethod loginToApplication" time="-1.653128282674E9">
    <skipped/>
  </testcase> <!-- @BeforeMethod loginToApplication -->
  <testcase classname="tests.Verifyactitime" name="@AfterMethod logoutfromApplication" time="-1.653128282687E9">
    <skipped/>
  </testcase> <!-- @AfterMethod logoutfromApplication -->
  <testcase classname="tests.Verifyactitime" name="@BeforeMethod loginToApplication" time="-1.653128282691E9">
    <skipped/>
  </testcase> <!-- @BeforeMethod loginToApplication -->
  <testcase classname="tests.Verifyactitime" name="@AfterMethod logoutfromApplication" time="-1.6531282827E9">
    <skipped/>
  </testcase> <!-- @AfterMethod logoutfromApplication -->
  <testcase classname="tests.Verifyactitime" name="@AfterClass clearPOMobjects" time="-1.653128282703E9">
    <skipped/>
  </testcase> <!-- @AfterClass clearPOMobjects -->
  <testcase classname="tests.Verifyactitime" name="@AfterTest closedBrowser" time="-1.65312828271E9">
    <skipped/>
  </testcase> <!-- @AfterTest closedBrowser -->
  <testcase classname="tests.Verifyactitime" name="verifyReportTab" time="0.0">
    <skipped/>
  </testcase> <!-- verifyReportTab -->
  <testcase classname="tests.Verifyactitime" name="verifyTaskTab" time="0.0">
    <skipped/>
  </testcase> <!-- verifyTaskTab -->
</testsuite> <!-- Default test(failed)(failed)(failed) -->
